<?xml version="1.0" encoding="UTF-8"?>
<!-- Generated by org.testng.reporters.JUnitReportReporter -->
<testsuite hostname="DESKTOP-K5QTI9P" failures="0" tests="3" name="tests.SaucedemoEtoEtest" time="0.944" errors="0" timestamp="2024-03-22T11:54:40 IST" skipped="0">
  <testcase classname="tests.SaucedemoEtoEtest" name="loginusertest" time="0.593"/>
  <system-out/>
  <testcase classname="tests.SaucedemoEtoEtest" name="addtocart" time="0.171"/>
  <system-out/>
  <testcase classname="tests.SaucedemoEtoEtest" name="cartpage" time="0.180"/>
  <system-out/>
</testsuite> <!-- tests.SaucedemoEtoEtest -->
