<?xml version="1.0" encoding="UTF-8"?>
<!-- Generated by org.testng.reporters.JUnitReportReporter -->
<testsuite hostname="DESKTOP-K5QTI9P" failures="0" tests="1" name="tests.loginTest" time="0.577" errors="0" timestamp="2024-03-12T22:51:28 IST" skipped="0">
  <testcase classname="tests.loginTest" name="loginusertest" time="0.577"/>
  <system-out/>
</testsuite> <!-- tests.loginTest -->
