<?xml version="1.0" encoding="UTF-8"?>
<!-- Generated by org.testng.reporters.JUnitReportReporter -->
<testsuite hostname="DESKTOP-K5QTI9P" failures="0" tests="1" name="tests.HomeTest" time="0.299" errors="0" timestamp="2024-03-21T22:54:46 IST" skipped="0">
  <testcase classname="tests.HomeTest" name="loginusertest" time="0.299"/>
  <system-out/>
</testsuite> <!-- tests.HomeTest -->
